# JRE version: Java(TM) SE Runtime Environment (17.0.9+11) (build 17.0.9+11-LTS-201)
# Java VM: Java HotSpot(TM) 64-Bit Server VM (17.0.9+11-LTS-201, mixed mode, sharing, tiered, compressed oops, compressed class ptrs, g1 gc, windows-amd64)
GC Precious Log:
 CPUs: 16 total, 16 available
 Memory: 7418M
 Large Page Support: Disabled
 NUMA Support: Disabled
 Compressed Oops: Enabled (32-bit)
 Heap Region Size: 1M
 Heap Min Capacity: 8M
 Heap Initial Capacity: 116M
 Heap Max Capacity: 1856M
 Pre-touch: Disabled
 Parallel Workers: 13
 Concurrent Workers: 3
 Concurrent Refinement Workers: 13
 Periodic GC: Disabled
Heap:
 garbage-first heap   total 206848K, used 122333K [0x000000008c000000, 0x0000000100000000)
  region size 1024K, 1 young (1024K), 1 survivors (1024K)
 Metaspace       used 10751K, committed 11008K, reserved 1114112K
  class space    used 1220K, committed 1344K, reserved 1048576K
GC Heap History (20 events):
Event: 1.131 GC heap after
{Heap after GC invocations=3 (full 0):
 garbage-first heap   total 118784K, used 90162K [0x000000008c000000, 0x0000000100000000)
  region size 1024K, 1 young (1024K), 1 survivors (1024K)
 Metaspace       used 10750K, committed 11008K, reserved 1114112K
  class space    used 1220K, committed 1344K, reserved 1048576K
}
Event: 1.163 GC heap before
{Heap before GC invocations=4 (full 0):
 garbage-first heap   total 157696K, used 98354K [0x000000008c000000, 0x0000000100000000)
  region size 1024K, 10 young (10240K), 1 survivors (1024K)
 Metaspace       used 10750K, committed 11008K, reserved 1114112K
  class space    used 1220K, committed 1344K, reserved 1048576K
}
Event: 1.164 GC heap after
{Heap after GC invocations=5 (full 0):
 garbage-first heap   total 157696K, used 90131K [0x000000008c000000, 0x0000000100000000)
  region size 1024K, 1 young (1024K), 1 survivors (1024K)
 Metaspace       used 10750K, committed 11008K, reserved 1114112K
  class space    used 1220K, committed 1344K, reserved 1048576K
}
Event: 1.308 GC heap before
{Heap before GC invocations=5 (full 0):
 garbage-first heap   total 157696K, used 133139K [0x000000008c000000, 0x0000000100000000)
  region size 1024K, 44 young (45056K), 1 survivors (1024K)
 Metaspace       used 10750K, committed 11008K, reserved 1114112K
  class space    used 1220K, committed 1344K, reserved 1048576K
}
Event: 1.309 GC heap after
{Heap after GC invocations=6 (full 0):
 garbage-first heap   total 157696K, used 90118K [0x000000008c000000, 0x0000000100000000)
  region size 1024K, 1 young (1024K), 1 survivors (1024K)
 Metaspace       used 10750K, committed 11008K, reserved 1114112K
  class space    used 1220K, committed 1344K, reserved 1048576K
}
Event: 1.348 GC heap before
{Heap before GC invocations=7 (full 0):
 garbage-first heap   total 157696K, used 102406K [0x000000008c000000, 0x0000000100000000)
  region size 1024K, 15 young (15360K), 1 survivors (1024K)
 Metaspace       used 10750K, committed 11008K, reserved 1114112K
  class space    used 1220K, committed 1344K, reserved 1048576K
}
Event: 1.349 GC heap after
{Heap after GC invocations=8 (full 0):
 garbage-first heap   total 157696K, used 90135K [0x000000008c000000, 0x0000000100000000)
  region size 1024K, 1 young (1024K), 1 survivors (1024K)
 Metaspace       used 10750K, committed 11008K, reserved 1114112K
  class space    used 1220K, committed 1344K, reserved 1048576K
}
Event: 1.375 GC heap before
{Heap before GC invocations=9 (full 0):
 garbage-first heap   total 160768K, used 98327K [0x000000008c000000, 0x0000000100000000)
  region size 1024K, 6 young (6144K), 1 survivors (1024K)
 Metaspace       used 10750K, committed 11008K, reserved 1114112K
  class space    used 1220K, committed 1344K, reserved 1048576K
}
Event: 1.376 GC heap after
{Heap after GC invocations=10 (full 0):
 garbage-first heap   total 160768K, used 94238K [0x000000008c000000, 0x0000000100000000)
  region size 1024K, 1 young (1024K), 1 survivors (1024K)
 Metaspace       used 10750K, committed 11008K, reserved 1114112K
  class space    used 1220K, committed 1344K, reserved 1048576K
}
Event: 1.458 GC heap before
{Heap before GC invocations=11 (full 0):
 garbage-first heap   total 183296K, used 120862K [0x000000008c000000, 0x0000000100000000)
  region size 1024K, 15 young (15360K), 1 survivors (1024K)
 Metaspace       used 10750K, committed 11008K, reserved 1114112K
  class space    used 1220K, committed 1344K, reserved 1048576K
}
Event: 1.459 GC heap after
{Heap after GC invocations=12 (full 0):
 garbage-first heap   total 183296K, used 107544K [0x000000008c000000, 0x0000000100000000)
  region size 1024K, 1 young (1024K), 1 survivors (1024K)
 Metaspace       used 10750K, committed 11008K, reserved 1114112K
  class space    used 1220K, committed 1344K, reserved 1048576K
}
Event: 1.466 GC heap before
{Heap before GC invocations=13 (full 0):
 garbage-first heap   total 189440K, used 111640K [0x000000008c000000, 0x0000000100000000)
  region size 1024K, 4 young (4096K), 1 survivors (1024K)
 Metaspace       used 10750K, committed 11008K, reserved 1114112K
  class space    used 1220K, committed 1344K, reserved 1048576K
}
Event: 1.467 GC heap after
{Heap after GC invocations=14 (full 0):
 garbage-first heap   total 189440K, used 109592K [0x000000008c000000, 0x0000000100000000)
  region size 1024K, 1 young (1024K), 1 survivors (1024K)
 Metaspace       used 10750K, committed 11008K, reserved 1114112K
  class space    used 1220K, committed 1344K, reserved 1048576K
}
Event: 1.482 GC heap before
{Heap before GC invocations=15 (full 0):
 garbage-first heap   total 189440K, used 112664K [0x000000008c000000, 0x0000000100000000)
  region size 1024K, 3 young (3072K), 1 survivors (1024K)
 Metaspace       used 10750K, committed 11008K, reserved 1114112K
  class space    used 1220K, committed 1344K, reserved 1048576K
}
Event: 1.483 GC heap after
{Heap after GC invocations=16 (full 0):
 garbage-first heap   total 189440K, used 111642K [0x000000008c000000, 0x0000000100000000)
  region size 1024K, 1 young (1024K), 1 survivors (1024K)
 Metaspace       used 10750K, committed 11008K, reserved 1114112K
  class space    used 1220K, committed 1344K, reserved 1048576K
}
Event: 1.504 GC heap before
{Heap before GC invocations=17 (full 0):
 garbage-first heap   total 193536K, used 114714K [0x000000008c000000, 0x0000000100000000)
  region size 1024K, 4 young (4096K), 1 survivors (1024K)
 Metaspace       used 10751K, committed 11008K, reserved 1114112K
  class space    used 1220K, committed 1344K, reserved 1048576K
}
Event: 1.505 GC heap after
{Heap after GC invocations=18 (full 0):
 garbage-first heap   total 193536K, used 113111K [0x000000008c000000, 0x0000000100000000)
  region size 1024K, 1 young (1024K), 1 survivors (1024K)
 Metaspace       used 10751K, committed 11008K, reserved 1114112K
  class space    used 1220K, committed 1344K, reserved 1048576K
}
Event: 1.524 GC heap before
{Heap before GC invocations=19 (full 0):
 garbage-first heap   total 198656K, used 120279K [0x000000008c000000, 0x0000000100000000)
  region size 1024K, 5 young (5120K), 1 survivors (1024K)
 Metaspace       used 10751K, committed 11008K, reserved 1114112K
  class space    used 1220K, committed 1344K, reserved 1048576K
}
Event: 1.525 GC heap after
{Heap after GC invocations=20 (full 0):
 garbage-first heap   total 198656K, used 117212K [0x000000008c000000, 0x0000000100000000)
  region size 1024K, 1 young (1024K), 1 survivors (1024K)
 Metaspace       used 10751K, committed 11008K, reserved 1114112K
  class space    used 1220K, committed 1344K, reserved 1048576K
}
Event: 1.561 GC heap before
{Heap before GC invocations=21 (full 0):
 garbage-first heap   total 206848K, used 127452K [0x000000008c000000, 0x0000000100000000)
  region size 1024K, 7 young (7168K), 1 survivors (1024K)
 Metaspace       used 10751K, committed 11008K, reserved 1114112K
  class space    used 1220K, committed 1344K, reserved 1048576K
}

