# JRE version: Java(TM) SE Runtime Environment (17.0.9+11) (build 17.0.9+11-LTS-201)
# Java VM: Java HotSpot(TM) 64-Bit Server VM (17.0.9+11-LTS-201, mixed mode, sharing, tiered, compressed oops, compressed class ptrs, g1 gc, windows-amd64)
GC Precious Log:
 CPUs: 16 total, 16 available
 Memory: 7418M
 Large Page Support: Disabled
 NUMA Support: Disabled
 Compressed Oops: Enabled (32-bit)
 Heap Region Size: 1M
 Heap Min Capacity: 8M
 Heap Initial Capacity: 116M
 Heap Max Capacity: 1856M
 Pre-touch: Disabled
 Parallel Workers: 13
 Concurrent Workers: 3
 Concurrent Refinement Workers: 13
 Periodic GC: Disabled
Heap:
 garbage-first heap   total 206848K, used 122324K [0x000000008c000000, 0x0000000100000000)
  region size 1024K, 1 young (1024K), 1 survivors (1024K)
 Metaspace       used 10751K, committed 11008K, reserved 1114112K
  class space    used 1220K, committed 1344K, reserved 1048576K
GC Heap History (20 events):
Event: 0.880 GC heap after
{Heap after GC invocations=3 (full 0):
 garbage-first heap   total 118784K, used 90182K [0x000000008c000000, 0x0000000100000000)
  region size 1024K, 1 young (1024K), 1 survivors (1024K)
 Metaspace       used 10751K, committed 11008K, reserved 1114112K
  class space    used 1220K, committed 1344K, reserved 1048576K
}
Event: 0.903 GC heap before
{Heap before GC invocations=4 (full 0):
 garbage-first heap   total 157696K, used 99398K [0x000000008c000000, 0x0000000100000000)
  region size 1024K, 11 young (11264K), 1 survivors (1024K)
 Metaspace       used 10751K, committed 11008K, reserved 1114112K
  class space    used 1220K, committed 1344K, reserved 1048576K
}
Event: 0.903 GC heap after
{Heap after GC invocations=5 (full 0):
 garbage-first heap   total 157696K, used 90125K [0x000000008c000000, 0x0000000100000000)
  region size 1024K, 1 young (1024K), 1 survivors (1024K)
 Metaspace       used 10751K, committed 11008K, reserved 1114112K
  class space    used 1220K, committed 1344K, reserved 1048576K
}
Event: 0.986 GC heap before
{Heap before GC invocations=5 (full 0):
 garbage-first heap   total 157696K, used 133133K [0x000000008c000000, 0x0000000100000000)
  region size 1024K, 44 young (45056K), 1 survivors (1024K)
 Metaspace       used 10751K, committed 11008K, reserved 1114112K
  class space    used 1220K, committed 1344K, reserved 1048576K
}
Event: 0.987 GC heap after
{Heap after GC invocations=6 (full 0):
 garbage-first heap   total 157696K, used 90112K [0x000000008c000000, 0x0000000100000000)
  region size 1024K, 1 young (1024K), 1 survivors (1024K)
 Metaspace       used 10751K, committed 11008K, reserved 1114112K
  class space    used 1220K, committed 1344K, reserved 1048576K
}
Event: 1.016 GC heap before
{Heap before GC invocations=7 (full 0):
 garbage-first heap   total 157696K, used 100352K [0x000000008c000000, 0x0000000100000000)
  region size 1024K, 13 young (13312K), 1 survivors (1024K)
 Metaspace       used 10751K, committed 11008K, reserved 1114112K
  class space    used 1220K, committed 1344K, reserved 1048576K
}
Event: 1.017 GC heap after
{Heap after GC invocations=8 (full 0):
 garbage-first heap   total 157696K, used 90127K [0x000000008c000000, 0x0000000100000000)
  region size 1024K, 1 young (1024K), 1 survivors (1024K)
 Metaspace       used 10751K, committed 11008K, reserved 1114112K
  class space    used 1220K, committed 1344K, reserved 1048576K
}
Event: 1.040 GC heap before
{Heap before GC invocations=9 (full 0):
 garbage-first heap   total 160768K, used 98319K [0x000000008c000000, 0x0000000100000000)
  region size 1024K, 6 young (6144K), 1 survivors (1024K)
 Metaspace       used 10751K, committed 11008K, reserved 1114112K
  class space    used 1220K, committed 1344K, reserved 1048576K
}
Event: 1.041 GC heap after
{Heap after GC invocations=10 (full 0):
 garbage-first heap   total 160768K, used 94232K [0x000000008c000000, 0x0000000100000000)
  region size 1024K, 1 young (1024K), 1 survivors (1024K)
 Metaspace       used 10751K, committed 11008K, reserved 1114112K
  class space    used 1220K, committed 1344K, reserved 1048576K
}
Event: 1.121 GC heap before
{Heap before GC invocations=11 (full 0):
 garbage-first heap   total 181248K, used 120856K [0x000000008c000000, 0x0000000100000000)
  region size 1024K, 15 young (15360K), 1 survivors (1024K)
 Metaspace       used 10751K, committed 11008K, reserved 1114112K
  class space    used 1220K, committed 1344K, reserved 1048576K
}
Event: 1.122 GC heap after
{Heap after GC invocations=12 (full 0):
 garbage-first heap   total 181248K, used 107532K [0x000000008c000000, 0x0000000100000000)
  region size 1024K, 1 young (1024K), 1 survivors (1024K)
 Metaspace       used 10751K, committed 11008K, reserved 1114112K
  class space    used 1220K, committed 1344K, reserved 1048576K
}
Event: 1.130 GC heap before
{Heap before GC invocations=13 (full 0):
 garbage-first heap   total 188416K, used 111628K [0x000000008c000000, 0x0000000100000000)
  region size 1024K, 4 young (4096K), 1 survivors (1024K)
 Metaspace       used 10751K, committed 11008K, reserved 1114112K
  class space    used 1220K, committed 1344K, reserved 1048576K
}
Event: 1.131 GC heap after
{Heap after GC invocations=14 (full 0):
 garbage-first heap   total 188416K, used 109584K [0x000000008c000000, 0x0000000100000000)
  region size 1024K, 1 young (1024K), 1 survivors (1024K)
 Metaspace       used 10751K, committed 11008K, reserved 1114112K
  class space    used 1220K, committed 1344K, reserved 1048576K
}
Event: 1.145 GC heap before
{Heap before GC invocations=15 (full 0):
 garbage-first heap   total 189440K, used 112656K [0x000000008c000000, 0x0000000100000000)
  region size 1024K, 3 young (3072K), 1 survivors (1024K)
 Metaspace       used 10751K, committed 11008K, reserved 1114112K
  class space    used 1220K, committed 1344K, reserved 1048576K
}
Event: 1.145 GC heap after
{Heap after GC invocations=16 (full 0):
 garbage-first heap   total 189440K, used 111636K [0x000000008c000000, 0x0000000100000000)
  region size 1024K, 1 young (1024K), 1 survivors (1024K)
 Metaspace       used 10751K, committed 11008K, reserved 1114112K
  class space    used 1220K, committed 1344K, reserved 1048576K
}
Event: 1.166 GC heap before
{Heap before GC invocations=17 (full 0):
 garbage-first heap   total 193536K, used 114708K [0x000000008c000000, 0x0000000100000000)
  region size 1024K, 4 young (4096K), 1 survivors (1024K)
 Metaspace       used 10751K, committed 11008K, reserved 1114112K
  class space    used 1220K, committed 1344K, reserved 1048576K
}
Event: 1.167 GC heap after
{Heap after GC invocations=18 (full 0):
 garbage-first heap   total 193536K, used 113103K [0x000000008c000000, 0x0000000100000000)
  region size 1024K, 1 young (1024K), 1 survivors (1024K)
 Metaspace       used 10751K, committed 11008K, reserved 1114112K
  class space    used 1220K, committed 1344K, reserved 1048576K
}
Event: 1.185 GC heap before
{Heap before GC invocations=19 (full 0):
 garbage-first heap   total 198656K, used 120271K [0x000000008c000000, 0x0000000100000000)
  region size 1024K, 5 young (5120K), 1 survivors (1024K)
 Metaspace       used 10751K, committed 11008K, reserved 1114112K
  class space    used 1220K, committed 1344K, reserved 1048576K
}
Event: 1.186 GC heap after
{Heap after GC invocations=20 (full 0):
 garbage-first heap   total 198656K, used 117203K [0x000000008c000000, 0x0000000100000000)
  region size 1024K, 1 young (1024K), 1 survivors (1024K)
 Metaspace       used 10751K, committed 11008K, reserved 1114112K
  class space    used 1220K, committed 1344K, reserved 1048576K
}
Event: 1.216 GC heap before
{Heap before GC invocations=21 (full 0):
 garbage-first heap   total 206848K, used 127443K [0x000000008c000000, 0x0000000100000000)
  region size 1024K, 7 young (7168K), 1 survivors (1024K)
 Metaspace       used 10751K, committed 11008K, reserved 1114112K
  class space    used 1220K, committed 1344K, reserved 1048576K
}

