# JRE version: Java(TM) SE Runtime Environment (17.0.9+11) (build 17.0.9+11-LTS-201)
# Java VM: Java HotSpot(TM) 64-Bit Server VM (17.0.9+11-LTS-201, mixed mode, sharing, tiered, compressed oops, compressed class ptrs, g1 gc, windows-amd64)
GC Precious Log:
 CPUs: 16 total, 16 available
 Memory: 7418M
 Large Page Support: Disabled
 NUMA Support: Disabled
 Compressed Oops: Enabled (32-bit)
 Heap Region Size: 1M
 Heap Min Capacity: 8M
 Heap Initial Capacity: 116M
 Heap Max Capacity: 1856M
 Pre-touch: Disabled
 Parallel Workers: 13
 Concurrent Workers: 3
 Concurrent Refinement Workers: 13
 Periodic GC: Disabled
Heap:
 garbage-first heap   total 413696K, used 141789K [0x000000008c000000, 0x0000000100000000)
  region size 1024K, 15 young (15360K), 1 survivors (1024K)
 Metaspace       used 12343K, committed 12608K, reserved 1114112K
  class space    used 1344K, committed 1472K, reserved 1048576K
GC Heap History (20 events):
Event: 1.196 GC heap before
{Heap before GC invocations=4 (full 0):
 garbage-first heap   total 155648K, used 99404K [0x000000008c000000, 0x0000000100000000)
  region size 1024K, 11 young (11264K), 1 survivors (1024K)
 Metaspace       used 10747K, committed 10944K, reserved 1114112K
  class space    used 1219K, committed 1344K, reserved 1048576K
}
Event: 1.197 GC heap after
{Heap after GC invocations=5 (full 0):
 garbage-first heap   total 155648K, used 90137K [0x000000008c000000, 0x0000000100000000)
  region size 1024K, 1 young (1024K), 1 survivors (1024K)
 Metaspace       used 10747K, committed 10944K, reserved 1114112K
  class space    used 1219K, committed 1344K, reserved 1048576K
}
Event: 1.298 GC heap before
{Heap before GC invocations=5 (full 0):
 garbage-first heap   total 155648K, used 131097K [0x000000008c000000, 0x0000000100000000)
  region size 1024K, 42 young (43008K), 1 survivors (1024K)
 Metaspace       used 10747K, committed 10944K, reserved 1114112K
  class space    used 1219K, committed 1344K, reserved 1048576K
}
Event: 1.299 GC heap after
{Heap after GC invocations=6 (full 0):
 garbage-first heap   total 155648K, used 90118K [0x000000008c000000, 0x0000000100000000)
  region size 1024K, 1 young (1024K), 1 survivors (1024K)
 Metaspace       used 10747K, committed 10944K, reserved 1114112K
  class space    used 1219K, committed 1344K, reserved 1048576K
}
Event: 1.332 GC heap before
{Heap before GC invocations=7 (full 0):
 garbage-first heap   total 155648K, used 101382K [0x000000008c000000, 0x0000000100000000)
  region size 1024K, 14 young (14336K), 1 survivors (1024K)
 Metaspace       used 10747K, committed 10944K, reserved 1114112K
  class space    used 1219K, committed 1344K, reserved 1048576K
}
Event: 1.333 GC heap after
{Heap after GC invocations=8 (full 0):
 garbage-first heap   total 155648K, used 90135K [0x000000008c000000, 0x0000000100000000)
  region size 1024K, 1 young (1024K), 1 survivors (1024K)
 Metaspace       used 10747K, committed 10944K, reserved 1114112K
  class space    used 1219K, committed 1344K, reserved 1048576K
}
Event: 1.357 GC heap before
{Heap before GC invocations=9 (full 0):
 garbage-first heap   total 160768K, used 98327K [0x000000008c000000, 0x0000000100000000)
  region size 1024K, 6 young (6144K), 1 survivors (1024K)
 Metaspace       used 10747K, committed 10944K, reserved 1114112K
  class space    used 1219K, committed 1344K, reserved 1048576K
}
Event: 1.358 GC heap after
{Heap after GC invocations=10 (full 0):
 garbage-first heap   total 160768K, used 94236K [0x000000008c000000, 0x0000000100000000)
  region size 1024K, 1 young (1024K), 1 survivors (1024K)
 Metaspace       used 10747K, committed 10944K, reserved 1114112K
  class space    used 1219K, committed 1344K, reserved 1048576K
}
Event: 1.434 GC heap before
{Heap before GC invocations=11 (full 0):
 garbage-first heap   total 183296K, used 120860K [0x000000008c000000, 0x0000000100000000)
  region size 1024K, 15 young (15360K), 1 survivors (1024K)
 Metaspace       used 10747K, committed 10944K, reserved 1114112K
  class space    used 1219K, committed 1344K, reserved 1048576K
}
Event: 1.435 GC heap after
{Heap after GC invocations=12 (full 0):
 garbage-first heap   total 183296K, used 107544K [0x000000008c000000, 0x0000000100000000)
  region size 1024K, 1 young (1024K), 1 survivors (1024K)
 Metaspace       used 10747K, committed 10944K, reserved 1114112K
  class space    used 1219K, committed 1344K, reserved 1048576K
}
Event: 1.442 GC heap before
{Heap before GC invocations=13 (full 0):
 garbage-first heap   total 186368K, used 111640K [0x000000008c000000, 0x0000000100000000)
  region size 1024K, 4 young (4096K), 1 survivors (1024K)
 Metaspace       used 10747K, committed 10944K, reserved 1114112K
  class space    used 1219K, committed 1344K, reserved 1048576K
}
Event: 1.443 GC heap after
{Heap after GC invocations=14 (full 0):
 garbage-first heap   total 186368K, used 109594K [0x000000008c000000, 0x0000000100000000)
  region size 1024K, 1 young (1024K), 1 survivors (1024K)
 Metaspace       used 10747K, committed 10944K, reserved 1114112K
  class space    used 1219K, committed 1344K, reserved 1048576K
}
Event: 1.457 GC heap before
{Heap before GC invocations=15 (full 0):
 garbage-first heap   total 189440K, used 112666K [0x000000008c000000, 0x0000000100000000)
  region size 1024K, 3 young (3072K), 1 survivors (1024K)
 Metaspace       used 10747K, committed 10944K, reserved 1114112K
  class space    used 1219K, committed 1344K, reserved 1048576K
}
Event: 1.458 GC heap after
{Heap after GC invocations=16 (full 0):
 garbage-first heap   total 189440K, used 111642K [0x000000008c000000, 0x0000000100000000)
  region size 1024K, 1 young (1024K), 1 survivors (1024K)
 Metaspace       used 10747K, committed 10944K, reserved 1114112K
  class space    used 1219K, committed 1344K, reserved 1048576K
}
Event: 1.482 GC heap before
{Heap before GC invocations=17 (full 0):
 garbage-first heap   total 193536K, used 114714K [0x000000008c000000, 0x0000000100000000)
  region size 1024K, 4 young (4096K), 1 survivors (1024K)
 Metaspace       used 10747K, committed 10944K, reserved 1114112K
  class space    used 1220K, committed 1344K, reserved 1048576K
}
Event: 1.483 GC heap after
{Heap after GC invocations=18 (full 0):
 garbage-first heap   total 193536K, used 113111K [0x000000008c000000, 0x0000000100000000)
  region size 1024K, 1 young (1024K), 1 survivors (1024K)
 Metaspace       used 10747K, committed 10944K, reserved 1114112K
  class space    used 1220K, committed 1344K, reserved 1048576K
}
Event: 1.502 GC heap before
{Heap before GC invocations=19 (full 0):
 garbage-first heap   total 198656K, used 120279K [0x000000008c000000, 0x0000000100000000)
  region size 1024K, 5 young (5120K), 1 survivors (1024K)
 Metaspace       used 10747K, committed 10944K, reserved 1114112K
  class space    used 1220K, committed 1344K, reserved 1048576K
}
Event: 1.503 GC heap after
{Heap after GC invocations=20 (full 0):
 garbage-first heap   total 198656K, used 117212K [0x000000008c000000, 0x0000000100000000)
  region size 1024K, 1 young (1024K), 1 survivors (1024K)
 Metaspace       used 10747K, committed 10944K, reserved 1114112K
  class space    used 1220K, committed 1344K, reserved 1048576K
}
Event: 1.538 GC heap before
{Heap before GC invocations=21 (full 0):
 garbage-first heap   total 206848K, used 127452K [0x000000008c000000, 0x0000000100000000)
  region size 1024K, 7 young (7168K), 1 survivors (1024K)
 Metaspace       used 10747K, committed 10944K, reserved 1114112K
  class space    used 1220K, committed 1344K, reserved 1048576K
}
Event: 1.541 GC heap after
{Heap after GC invocations=22 (full 0):
 garbage-first heap   total 413696K, used 122333K [0x000000008c000000, 0x0000000100000000)
  region size 1024K, 1 young (1024K), 1 survivors (1024K)
 Metaspace       used 10747K, committed 10944K, reserved 1114112K
  class space    used 1220K, committed 1344K, reserved 1048576K
}

